GetThreadNo ok
0
begin ReadAllGLogData from 192.168.1.205 2024-04-11 13:04:10...
end ReadAllGLogData from 192.168.1.205 2024-04-11 13:04:11 Succeed
saveing ssr data 2024-04-11 13:04:11...
Beging NewSearchPin  2024-04-11 13:04:11...
End NewSearchPin  2024-04-11 13:04:11...
savelogs VerifyCode1
begin AppendAttlogs  2024-04-11 13:04:11...
End AppendAttlogs  2024-04-11 13:04:11...
Beging NewSearchPin  2024-04-11 13:04:11...
End NewSearchPin  2024-04-11 13:04:11...
savelogs VerifyCode1
begin AppendAttlogs  2024-04-11 13:04:11...
End AppendAttlogs  2024-04-11 13:04:11...
Beging NewSearchPin  2024-04-11 13:04:11...
End NewSearchPin  2024-04-11 13:04:11...
savelogs VerifyCode1
begin AppendAttlogs  2024-04-11 13:04:11...
End AppendAttlogs  2024-04-11 13:04:11...
Beging NewSearchPin  2024-04-11 13:04:11...
End NewSearchPin  2024-04-11 13:04:11...
savelogs VerifyCode1
begin AppendAttlogs  2024-04-11 13:04:11...
End AppendAttlogs  2024-04-11 13:04:11...
Beging NewSearchPin  2024-04-11 13:04:11...
End NewSearchPin  2024-04-11 13:04:11...
savelogs VerifyCode1
begin AppendAttlogs  2024-04-11 13:04:11...
End AppendAttlogs  2024-04-11 13:04:11...
Beging NewSearchPin  2024-04-11 13:04:11...
End NewSearchPin  2024-04-11 13:04:11...
savelogs VerifyCode1
begin AppendAttlogs  2024-04-11 13:04:11...
End AppendAttlogs  2024-04-11 13:04:11...
Beging NewSearchPin  2024-04-11 13:04:11...
End NewSearchPin  2024-04-11 13:04:11...
savelogs VerifyCode1
begin AppendAttlogs  2024-04-11 13:04:11...
End AppendAttlogs  2024-04-11 13:04:11...
Beging NewSearchPin  2024-04-11 13:04:11...
End NewSearchPin  2024-04-11 13:04:11...
savelogs VerifyCode1
begin AppendAttlogs  2024-04-11 13:04:11...
End AppendAttlogs  2024-04-11 13:04:11...
Beging NewSearchPin  2024-04-11 13:04:11...
End NewSearchPin  2024-04-11 13:04:11...
savelogs VerifyCode1
begin AppendAttlogs  2024-04-11 13:04:11...
End AppendAttlogs  2024-04-11 13:04:11...
Beging NewSearchPin  2024-04-11 13:04:11...
End NewSearchPin  2024-04-11 13:04:11...
savelogs VerifyCode1
begin AppendAttlogs  2024-04-11 13:04:11...
End AppendAttlogs  2024-04-11 13:04:11...
GetThreadNo ok
0
begin ReadAllGLogData from 192.168.1.205 2024-04-11 13:04:40...
end ReadAllGLogData from 192.168.1.205 2024-04-11 13:04:40 Succeed
saveing ssr data 2024-04-11 13:04:40...
Beging NewSearchPin  2024-04-11 13:04:40...
End NewSearchPin  2024-04-11 13:04:40...
savelogs VerifyCode1
begin AppendAttlogs  2024-04-11 13:04:40...
End AppendAttlogs  2024-04-11 13:04:40...
Beging NewSearchPin  2024-04-11 13:04:40...
End NewSearchPin  2024-04-11 13:04:40...
savelogs VerifyCode1
begin AppendAttlogs  2024-04-11 13:04:40...
End AppendAttlogs  2024-04-11 13:04:40...
Beging NewSearchPin  2024-04-11 13:04:40...
End NewSearchPin  2024-04-11 13:04:40...
savelogs VerifyCode1
begin AppendAttlogs  2024-04-11 13:04:40...
End AppendAttlogs  2024-04-11 13:04:40...
Beging NewSearchPin  2024-04-11 13:04:40...
End NewSearchPin  2024-04-11 13:04:40...
savelogs VerifyCode1
begin AppendAttlogs  2024-04-11 13:04:40...
End AppendAttlogs  2024-04-11 13:04:40...
Beging NewSearchPin  2024-04-11 13:04:40...
End NewSearchPin  2024-04-11 13:04:40...
savelogs VerifyCode1
begin AppendAttlogs  2024-04-11 13:04:40...
End AppendAttlogs  2024-04-11 13:04:40...
Beging NewSearchPin  2024-04-11 13:04:40...
End NewSearchPin  2024-04-11 13:04:40...
savelogs VerifyCode1
begin AppendAttlogs  2024-04-11 13:04:40...
End AppendAttlogs  2024-04-11 13:04:40...
Beging NewSearchPin  2024-04-11 13:04:40...
End NewSearchPin  2024-04-11 13:04:40...
savelogs VerifyCode1
begin AppendAttlogs  2024-04-11 13:04:40...
End AppendAttlogs  2024-04-11 13:04:40...
Beging NewSearchPin  2024-04-11 13:04:40...
End NewSearchPin  2024-04-11 13:04:40...
savelogs VerifyCode1
begin AppendAttlogs  2024-04-11 13:04:40...
End AppendAttlogs  2024-04-11 13:04:40...
Beging NewSearchPin  2024-04-11 13:04:40...
End NewSearchPin  2024-04-11 13:04:40...
savelogs VerifyCode1
begin AppendAttlogs  2024-04-11 13:04:40...
End AppendAttlogs  2024-04-11 13:04:40...
Beging NewSearchPin  2024-04-11 13:04:40...
End NewSearchPin  2024-04-11 13:04:40...
savelogs VerifyCode1
begin AppendAttlogs  2024-04-11 13:04:40...
End AppendAttlogs  2024-04-11 13:04:40...
GetThreadNo ok
0
begin ReadAllGLogData from 192.168.1.205 2024-04-11 13:05:08...
end ReadAllGLogData from 192.168.1.205 2024-04-11 13:05:08 Succeed
saveing ssr data 2024-04-11 13:05:08...
Beging NewSearchPin  2024-04-11 13:05:08...
End NewSearchPin  2024-04-11 13:05:08...
savelogs VerifyCode1
begin AppendAttlogs  2024-04-11 13:05:08...
End AppendAttlogs  2024-04-11 13:05:08...
Beging NewSearchPin  2024-04-11 13:05:08...
End NewSearchPin  2024-04-11 13:05:08...
savelogs VerifyCode1
begin AppendAttlogs  2024-04-11 13:05:08...
End AppendAttlogs  2024-04-11 13:05:08...
Beging NewSearchPin  2024-04-11 13:05:08...
End NewSearchPin  2024-04-11 13:05:08...
savelogs VerifyCode1
begin AppendAttlogs  2024-04-11 13:05:08...
End AppendAttlogs  2024-04-11 13:05:08...
Beging NewSearchPin  2024-04-11 13:05:08...
End NewSearchPin  2024-04-11 13:05:08...
savelogs VerifyCode1
begin AppendAttlogs  2024-04-11 13:05:08...
End AppendAttlogs  2024-04-11 13:05:08...
Beging NewSearchPin  2024-04-11 13:05:08...
End NewSearchPin  2024-04-11 13:05:08...
savelogs VerifyCode1
begin AppendAttlogs  2024-04-11 13:05:08...
End AppendAttlogs  2024-04-11 13:05:08...
Beging NewSearchPin  2024-04-11 13:05:08...
End NewSearchPin  2024-04-11 13:05:08...
savelogs VerifyCode1
begin AppendAttlogs  2024-04-11 13:05:08...
End AppendAttlogs  2024-04-11 13:05:08...
Beging NewSearchPin  2024-04-11 13:05:08...
End NewSearchPin  2024-04-11 13:05:08...
savelogs VerifyCode1
begin AppendAttlogs  2024-04-11 13:05:08...
End AppendAttlogs  2024-04-11 13:05:08...
Beging NewSearchPin  2024-04-11 13:05:08...
End NewSearchPin  2024-04-11 13:05:08...
savelogs VerifyCode1
begin AppendAttlogs  2024-04-11 13:05:08...
End AppendAttlogs  2024-04-11 13:05:08...
Beging NewSearchPin  2024-04-11 13:05:08...
End NewSearchPin  2024-04-11 13:05:08...
savelogs VerifyCode1
begin AppendAttlogs  2024-04-11 13:05:08...
End AppendAttlogs  2024-04-11 13:05:08...
Beging NewSearchPin  2024-04-11 13:05:08...
End NewSearchPin  2024-04-11 13:05:08...
savelogs VerifyCode1
begin AppendAttlogs  2024-04-11 13:05:08...
End AppendAttlogs  2024-04-11 13:05:08...
GetThreadNo ok
0
begin ReadAllGLogData from 192.168.1.205 2024-04-11 13:06:41...
end ReadAllGLogData from 192.168.1.205 2024-04-11 13:06:42 Succeed
saveing ssr data 2024-04-11 13:06:42...
Beging NewSearchPin  2024-04-11 13:06:42...
End NewSearchPin  2024-04-11 13:06:42...
savelogs VerifyCode1
begin AppendAttlogs  2024-04-11 13:06:42...
End AppendAttlogs  2024-04-11 13:06:42...
Beging NewSearchPin  2024-04-11 13:06:42...
End NewSearchPin  2024-04-11 13:06:42...
savelogs VerifyCode1
begin AppendAttlogs  2024-04-11 13:06:42...
End AppendAttlogs  2024-04-11 13:06:42...
Beging NewSearchPin  2024-04-11 13:06:42...
End NewSearchPin  2024-04-11 13:06:42...
savelogs VerifyCode1
begin AppendAttlogs  2024-04-11 13:06:42...
End AppendAttlogs  2024-04-11 13:06:42...
Beging NewSearchPin  2024-04-11 13:06:42...
End NewSearchPin  2024-04-11 13:06:42...
savelogs VerifyCode1
begin AppendAttlogs  2024-04-11 13:06:42...
End AppendAttlogs  2024-04-11 13:06:42...
Beging NewSearchPin  2024-04-11 13:06:42...
End NewSearchPin  2024-04-11 13:06:42...
savelogs VerifyCode1
begin AppendAttlogs  2024-04-11 13:06:42...
End AppendAttlogs  2024-04-11 13:06:42...
Beging NewSearchPin  2024-04-11 13:06:42...
End NewSearchPin  2024-04-11 13:06:42...
savelogs VerifyCode1
begin AppendAttlogs  2024-04-11 13:06:42...
End AppendAttlogs  2024-04-11 13:06:42...
Beging NewSearchPin  2024-04-11 13:06:42...
End NewSearchPin  2024-04-11 13:06:42...
savelogs VerifyCode1
begin AppendAttlogs  2024-04-11 13:06:42...
End AppendAttlogs  2024-04-11 13:06:42...
Beging NewSearchPin  2024-04-11 13:06:42...
End NewSearchPin  2024-04-11 13:06:42...
savelogs VerifyCode1
begin AppendAttlogs  2024-04-11 13:06:42...
End AppendAttlogs  2024-04-11 13:06:42...
Beging NewSearchPin  2024-04-11 13:06:42...
End NewSearchPin  2024-04-11 13:06:42...
savelogs VerifyCode1
begin AppendAttlogs  2024-04-11 13:06:42...
End AppendAttlogs  2024-04-11 13:06:42...
Beging NewSearchPin  2024-04-11 13:06:42...
End NewSearchPin  2024-04-11 13:06:42...
savelogs VerifyCode1
begin AppendAttlogs  2024-04-11 13:06:42...
End AppendAttlogs  2024-04-11 13:06:42...
11/04/2024 1:06:58 pm Temp-Supervisor[7]Browse Users in device
11/04/2024 1:06:59 pm Temp-Supervisor[7]Reading data ...
11/04/2024 1:06:59 pm Temp-Supervisor[7]Downloading ...
11/04/2024 1:07:00 pm Temp-Supervisor[7] Operation finished!Users Count:2
11/04/2024 1:07:00 pm Temp-Supervisor[7] Downloaded Fp:1
GetThreadNo ok
0
begin ReadAllGLogData from 192.168.1.205 2024-04-11 13:07:21...
end ReadAllGLogData from 192.168.1.205 2024-04-11 13:07:21 Succeed
saveing ssr data 2024-04-11 13:07:22...
Beging NewSearchPin  2024-04-11 13:07:22...
End NewSearchPin  2024-04-11 13:07:22...
savelogs VerifyCode1
begin AppendAttlogs  2024-04-11 13:07:22...
End AppendAttlogs  2024-04-11 13:07:22...
Beging NewSearchPin  2024-04-11 13:07:22...
End NewSearchPin  2024-04-11 13:07:22...
savelogs VerifyCode1
begin AppendAttlogs  2024-04-11 13:07:22...
End AppendAttlogs  2024-04-11 13:07:22...
Beging NewSearchPin  2024-04-11 13:07:22...
End NewSearchPin  2024-04-11 13:07:22...
savelogs VerifyCode1
begin AppendAttlogs  2024-04-11 13:07:22...
End AppendAttlogs  2024-04-11 13:07:22...
Beging NewSearchPin  2024-04-11 13:07:22...
End NewSearchPin  2024-04-11 13:07:22...
savelogs VerifyCode1
begin AppendAttlogs  2024-04-11 13:07:22...
End AppendAttlogs  2024-04-11 13:07:22...
Beging NewSearchPin  2024-04-11 13:07:22...
End NewSearchPin  2024-04-11 13:07:22...
savelogs VerifyCode1
begin AppendAttlogs  2024-04-11 13:07:22...
End AppendAttlogs  2024-04-11 13:07:22...
Beging NewSearchPin  2024-04-11 13:07:22...
End NewSearchPin  2024-04-11 13:07:22...
savelogs VerifyCode1
begin AppendAttlogs  2024-04-11 13:07:22...
End AppendAttlogs  2024-04-11 13:07:22...
Beging NewSearchPin  2024-04-11 13:07:22...
End NewSearchPin  2024-04-11 13:07:22...
savelogs VerifyCode1
begin AppendAttlogs  2024-04-11 13:07:22...
End AppendAttlogs  2024-04-11 13:07:22...
Beging NewSearchPin  2024-04-11 13:07:22...
End NewSearchPin  2024-04-11 13:07:22...
savelogs VerifyCode1
begin AppendAttlogs  2024-04-11 13:07:22...
End AppendAttlogs  2024-04-11 13:07:22...
Beging NewSearchPin  2024-04-11 13:07:22...
End NewSearchPin  2024-04-11 13:07:22...
savelogs VerifyCode1
begin AppendAttlogs  2024-04-11 13:07:22...
End AppendAttlogs  2024-04-11 13:07:22...
Beging NewSearchPin  2024-04-11 13:07:22...
End NewSearchPin  2024-04-11 13:07:22...
savelogs VerifyCode1
begin AppendAttlogs  2024-04-11 13:07:22...
End AppendAttlogs  2024-04-11 13:07:22...
GetThreadNo ok
0
begin ReadAllGLogData from 192.168.1.205 2024-04-11 13:08:29...
end ReadAllGLogData from 192.168.1.205 2024-04-11 13:08:29 Succeed
saveing ssr data 2024-04-11 13:08:29...
Beging NewSearchPin  2024-04-11 13:08:29...
End NewSearchPin  2024-04-11 13:08:29...
savelogs VerifyCode1
begin AppendAttlogs  2024-04-11 13:08:29...
End AppendAttlogs  2024-04-11 13:08:29...
Beging NewSearchPin  2024-04-11 13:08:29...
End NewSearchPin  2024-04-11 13:08:29...
savelogs VerifyCode1
begin AppendAttlogs  2024-04-11 13:08:29...
End AppendAttlogs  2024-04-11 13:08:29...
Beging NewSearchPin  2024-04-11 13:08:29...
End NewSearchPin  2024-04-11 13:08:29...
savelogs VerifyCode1
begin AppendAttlogs  2024-04-11 13:08:29...
End AppendAttlogs  2024-04-11 13:08:29...
Beging NewSearchPin  2024-04-11 13:08:29...
End NewSearchPin  2024-04-11 13:08:29...
savelogs VerifyCode1
begin AppendAttlogs  2024-04-11 13:08:29...
End AppendAttlogs  2024-04-11 13:08:29...
Beging NewSearchPin  2024-04-11 13:08:29...
End NewSearchPin  2024-04-11 13:08:29...
savelogs VerifyCode1
begin AppendAttlogs  2024-04-11 13:08:29...
End AppendAttlogs  2024-04-11 13:08:29...
Beging NewSearchPin  2024-04-11 13:08:29...
End NewSearchPin  2024-04-11 13:08:29...
savelogs VerifyCode1
begin AppendAttlogs  2024-04-11 13:08:29...
End AppendAttlogs  2024-04-11 13:08:29...
Beging NewSearchPin  2024-04-11 13:08:29...
End NewSearchPin  2024-04-11 13:08:29...
savelogs VerifyCode1
begin AppendAttlogs  2024-04-11 13:08:29...
End AppendAttlogs  2024-04-11 13:08:29...
Beging NewSearchPin  2024-04-11 13:08:29...
End NewSearchPin  2024-04-11 13:08:29...
savelogs VerifyCode1
begin AppendAttlogs  2024-04-11 13:08:29...
End AppendAttlogs  2024-04-11 13:08:29...
Beging NewSearchPin  2024-04-11 13:08:29...
End NewSearchPin  2024-04-11 13:08:29...
savelogs VerifyCode1
begin AppendAttlogs  2024-04-11 13:08:29...
End AppendAttlogs  2024-04-11 13:08:29...
Beging NewSearchPin  2024-04-11 13:08:29...
End NewSearchPin  2024-04-11 13:08:29...
savelogs VerifyCode1
begin AppendAttlogs  2024-04-11 13:08:29...
End AppendAttlogs  2024-04-11 13:08:29...
